#
# A fatal error has been detected by the Java Runtime Environment:
#
#  SIGSEGV (0xb) at pc=0x000000012ba490ce, pid=3590, tid=2571
#
# JRE version: Java(TM) SE Runtime Environment (8.0_45-b14) (build 1.8.0_45-b14)
# Java VM: Java HotSpot(TM) 64-Bit Server VM (25.45-b02 mixed mode bsd-amd64 compressed oops)
# Problematic frame:
# C  [libjxbrowser.dylib+0x3a10ce]  (anonymous namespace)::Sk4pxXfermode<(anonymous namespace)::Src>::xfer32(unsigned int*, unsigned int const*, int, unsigned char const*) const+0x3e
#
# Failed to write core dump. Core dumps have been disabled. To enable core dumping, try "ulimit -c unlimited" before starting Java again
#
# Can not save log file, dump to screen..
#
# A fatal error has been detected by the Java Runtime Environment:
#
#  SIGSEGV (0xb) at pc=0x000000012ba490ce, pid=3590, tid=2571
#
# JRE version: Java(TM) SE Runtime Environment (8.0_45-b14) (build 1.8.0_45-b14)
# Java VM: Java HotSpot(TM) 64-Bit Server VM (25.45-b02 mixed mode bsd-amd64 compressed oops)
# Problematic frame:
# C  [libjxbrowser.dylib+0x3a10ce]  (anonymous namespace)::Sk4pxXfermode<(anonymous namespace)::Src>::xfer32(unsigned int*, unsigned int const*, int, unsigned char const*) const+0x3e
#
# Failed to write core dump. Core dumps have been disabled. To enable core dumping, try "ulimit -c unlimited" before starting Java again
#
# If you would like to submit a bug report, please visit:
#   http://bugreport.java.com/bugreport/crash.jsp
# The crash happened outside the Java Virtual Machine in native code.
# See problematic frame for where to report the bug.
#

---------------  T H R E A D  ---------------

Current thread (0x00007f89e38a1000):  JavaThread "AppKit Thread" daemon [_thread_in_native, id=2571, stack(0x00007fff533d1000,0x00007fff53bd1000)]

siginfo: si_signo: 11 (SIGSEGV), si_code: 1 (SEGV_MAPERR), si_addr: 0xffffffffffffffff

Registers:
RAX=0x00000001315acf88, RBX=0x0000000236c4d000, RCX=0x0000000000000400, RDX=0x0000000236c4d000
RSP=0x00007fff53bc8ff0, RBP=0x00007fff53bc8ff0, RSI=0xffffffffffffffff, RDI=0x00007f89e24c6db0
R8 =0x0000000000000000, R9 =0x00000000000002ea, R10=0x00007f89e5bf1668, R11=0x000000007bbec301
R12=0x00000000000002ea, R13=0xffffffffffffffff, R14=0x00007fff53bc90a0, R15=0x0000000000000000
RIP=0x000000012ba490ce, EFLAGS=0x0000000000010212, ERR=0x0000000000000006
  TRAPNO=0x000000000000000e

Top of Stack: (sp=0x00007fff53bc8ff0)
0x00007fff53bc8ff0:   00007fff53bc9050 000000012e7083d0
0x00007fff53bc9000:   0000000000000000 00007f89e24c6db0
0x00007fff53bc9010:   0000000000001000 0000000000001000
0x00007fff53bc9020:   0000040000000000 00007fff53bc98d0
0x00007fff53bc9030:   00007fff53bc97d8 0000000000000000
0x00007fff53bc9040:   00007fff53bc9670 00007fff53bc9850
0x00007fff53bc9050:   00007fff53bc9730 000000012e6a42b0
0x00007fff53bc9060:   00007fff53bc9150 00007fff53bc9d78
0x00007fff53bc9070:   443a800000000000 0000000000000000
0x00007fff53bc9080:   0000000000000000 00007fff88562bc4
0x00007fff53bc9090:   000000013615d400 00000000000000b8
0x00007fff53bc90a0:   0000000131a01a80 0000000000000000
0x00007fff53bc90b0:   0000000000000000 ffffffffffffffff
0x00007fff53bc90c0:   0000000000000000 0000000000001000
0x00007fff53bc90d0:   000002ea00000400 0000000100000005
0x00007fff53bc90e0:   0000000000000000 0000000236c4d000
0x00007fff53bc90f0:   0000000000000000 0000000000001000
0x00007fff53bc9100:   000002ea00000400 0000000200000005
0x00007fff53bc9110:   0000000000000000 0000000000000000
0x00007fff53bc9120:   00007fff53bc9698 0000000000000000
0x00007fff53bc9130:   00007f89e24c6db0 0000000100000400
0x00007fff53bc9140:   00007f89eb838600 000000012e869390
0x00007fff53bc9150:   00007fff000000ff 000000012bd0c1e0
0x00007fff53bc9160:   0000000000000000 000000010c04a000
0x00007fff53bc9170:   00007fff53bc91a0 00007fff925ca5a1
0x00007fff53bc9180:   00007f89e96fc080 00007f89e9639410
0x00007fff53bc9190:   0000000000000010 00007f89e9639400
0x00007fff53bc91a0:   00007f8900000001 000000010c04a000
0x00007fff53bc91b0:   00007f89e9600000 00007f89e947dd60
0x00007fff53bc91c0:   00007f89e24f62f0 0000000000000000
0x00007fff53bc91d0:   00007fff53bc96b0 00007f89e2aa0ba0
0x00007fff53bc91e0:   00007fff53bc9210 000000012cdb0943 

Instructions: (pc=0x000000012ba490ce)
0x000000012ba490ae:   85 c9 7e 6f 66 66 66 66 66 2e 0f 1f 84 00 00 00
0x000000012ba490be:   00 00 83 f9 08 7c 26 c5 f8 10 02 c5 f8 10 4a 10
0x000000012ba490ce:   c5 f8 11 06 c5 f8 11 4e 10 48 83 c2 20 48 83 c6
0x000000012ba490de:   20 83 f9 08 8d 41 f8 89 c1 7f d7 eb 36 83 f9 04 

Register to memory mapping:

RAX=0x00000001315acf88: _ZTVN12_GLOBAL__N_113Sk4pxXfermodeINS_3SrcEEE+0x10 in /Volumes/Egoist-External/browser/JxBrowser/native/bin/mac/jxbrowser.app/Contents/Frameworks/JxBrowser.framework/Libraries/libjxbrowser.dylib at 0x000000012b6a8000
RBX=0x0000000236c4d000 is an unknown value
RCX=0x0000000000000400 is an unknown value
RDX=0x0000000236c4d000 is an unknown value
RSP=0x00007fff53bc8ff0 is pointing into the stack for thread: 0x00007f89e38a1000
RBP=0x00007fff53bc8ff0 is pointing into the stack for thread: 0x00007f89e38a1000
RSI=0xffffffffffffffff is an unknown value
RDI=0x00007f89e24c6db0 is an unknown value
R8 =0x0000000000000000 is an unknown value
R9 =0x00000000000002ea is an unknown value
R10=0x00007f89e5bf1668 is an unknown value
R11=0x000000007bbec301 is an unknown value
R12=0x00000000000002ea is an unknown value
R13=0xffffffffffffffff is an unknown value
R14=0x00007fff53bc90a0 is pointing into the stack for thread: 0x00007f89e38a1000
R15=0x0000000000000000 is an unknown value


Stack: [0x00007fff533d1000,0x00007fff53bd1000],  sp=0x00007fff53bc8ff0,  free space=8159k
Native frames: (J=compiled Java code, j=interpreted, Vv=VM code, C=native code)
C  [libjxbrowser.dylib+0x3a10ce]  (anonymous namespace)::Sk4pxXfermode<(anonymous namespace)::Src>::xfer32(unsigned int*, unsigned int const*, int, unsigned char const*) const+0x3e
C  [libjxbrowser.dylib+0x30603d0]  Sprite_D32_S32A_XferFilter::blitRect(int, int, int, int)+0xc0
C  [libjxbrowser.dylib+0x2ffc2b0]  SkDraw::drawBitmap(SkBitmap const&, SkMatrix const&, SkRect const*, SkPaint const&) const+0x390
C  [libjxbrowser.dylib+0x2fcb39f]06:35:04 INFO: READ:  OnShouldBeginRequestMessage{type=OnShouldBeginRequest, uid=68409, browserContextId=-1, url='http://www.pxcreate.com/bootstrap/simplepx-1.3/font/fontawesome-webfont.woff?v=3.2.1', method='GET', resourceType=5, cancel=false}, SocketInfo{cid=0, bid=-1, channelType=Main}
06:35:04 INFO: WRITE: OnShouldBeginRequestMessage{type=OnShouldBeginRequest, uid=68409, browserContextId=-1, url='http://www.pxcreate.com/bootstrap/simplepx-1.3/font/fontawesome-webfont.woff?v=3.2.1', method='GET', resourceType=5, cancel=false}, SocketInfo{cid=0, bid=-1, channelType=Main}
06:35:04 INFO: READ:  OnCanGetCookiesMessage{type=OnCanGetCookies, uid=68410, url='http://www.pxcreate.com/bootstrap/simplepx-1.3/font/fontawesome-webfont.woff?v=3.2.1', cookies='', browserContextId=-1, canGetCookies=true}, SocketInfo{cid=0, bid=-1, channelType=Main}
06:35:04 INFO: WRITE: OnCanGetCookiesMessage{type=OnCanGetCookies, uid=68410, url='http://www.pxcreate.com/bootstrap/simplepx-1.3/font/fontawesome-webfont.woff?v=3.2.1', cookies='', browserContextId=-1, canGetCookies=true}, SocketInfo{cid=0, bid=-1, channelType=Main}
  SkBitmapDevice::drawBitmapRect(SkDraw const&, SkBitmap const&, SkRect const*, SkRect const&, SkPaint const&, SkCanvas::SrcRectConstraint)+0x1ff
C  [libjxbrowser.dylib+0x2febbb7]  SkCanvas::internalDrawBitmapRect(SkBitmap const&, SkRect const*, SkRect const&, SkPaint const*, SkCanvas::SrcRectConstraint)+0x277
C  [libjxbrowser.dylib+0x2febcff]  SkCanvas::onDrawBitmapRect(SkBitmap const&, SkRect const*, SkRect const&, SkPaint const*, SkCanvas::SrcRectConstraint)+0xdf
C  [libjxbrowser.dylib+0x1c260]  jxb::BackingStoreOSR::PaintToBackingStore(scoped_ptr<SkBitmap, std::__1::default_delete<SkBitmap> >, scoped_ptr<SkAutoLockPixels, std::__1::default_delete<SkAutoLockPixels> >, SkRect const&)+0x5c
C  [libjxbrowser.dylib+0x1e4ec]  jxb::RenderWidgetHostViewOSR::PaintToBackingStore(scoped_ptr<SkBitmap, std::__1::default_delete<SkBitmap> >, scoped_ptr<SkAutoLockPixels, std::__1::default_delete<SkAutoLockPixels> >, gfx::Rect const&)+0x90
C  [libjxbrowser.dylib+0x1eefe]  jxb::RenderWidgetHostViewOSR::OnCopyFromCompositingSurface(gfx::Rect const&, scoped_ptr<cc::CopyOutputResult, std::__1::default_delete<cc::CopyOutputResult> >)+0x298
C  [libjxbrowser.dylib+0x1fc4b]  base::internal::RunnableAdapter<void (jxb::RenderWidgetHostViewOSR::*)(gfx::Rect const&, scoped_ptr<cc::CopyOutputResult, std::__1::default_delete<cc::CopyOutputResult> >)>::Run(jxb::RenderWidgetHostViewOSR*, gfx::Rect const&, scoped_ptr<cc::CopyOutputResult, std::__1::default_delete<cc::CopyOutputResult> >)+0x3b
C  [libjxbrowser.dylib+0x1fbad]  base::internal::InvokeHelper<true, void, base::internal::RunnableAdapter<void (jxb::RenderWidgetHostViewOSR::*)(gfx::Rect const&, scoped_ptr<cc::CopyOutputResult, std::__1::default_delete<cc::CopyOutputResult> >)>, base::internal::TypeList<base::WeakPtr<jxb::RenderWidgetHostViewOSR> const&, gfx::Rect const&, scoped_ptr<cc::CopyOutputResult, std::__1::default_delete<cc::CopyOutputResult> > > >::MakeItSo(base::internal::RunnableAdapter<void (jxb::RenderWidgetHostViewOSR::*)(gfx::Rect const&, scoped_ptr<cc::CopyOutputResult, std::__1::default_delete<cc::CopyOutputResult> >)>, base::WeakPtr<jxb::RenderWidgetHostViewOSR> const&, gfx::Rect const&, scoped_ptr<cc::CopyOutputResult, std::__1::default_delete<cc::CopyOutputResult> >)+0x5f
C  [libjxbrowser.dylib+0x1faef]  base::internal::Invoker<base::IndexSequence<0ul, 1ul>, base::internal::BindState<base::internal::RunnableAdapter<void (jxb::RenderWidgetHostViewOSR::*)(gfx::Rect const&, scoped_ptr<cc::CopyOutputResult, std::__1::default_delete<cc::CopyOutputResult> >)>, void (jxb::RenderWidgetHostViewOSR*, gfx::Rect const&, scoped_ptr<cc::CopyOutputResult, std::__1::default_delete<cc::CopyOutputResult> >), base::WeakPtr<jxb::RenderWidgetHostViewOSR>, gfx::Rect>, base::internal::TypeList<base::internal::UnwrapTraits<base::WeakPtr<jxb::RenderWidgetHostViewOSR> >, base::internal::UnwrapTraits<gfx::Rect> >, base::internal::InvokeHelper<true, void, base::internal::RunnableAdapter<void (jxb::RenderWidgetHostViewOSR::*)(gfx::Rect const&, scoped_ptr<cc::CopyOutputResult, std::__1::default_delete<cc::CopyOutputResult> >)>, base::internal::TypeList<base::WeakPtr<jxb::RenderWidgetHostViewOSR> const&, gfx::Rect const&, scoped_ptr<cc::CopyOutputResult, std::__1::default_delete<cc::CopyOutputResult> > > >, void (scoped_ptr<cc::CopyOutputResult, std::__1::default_delete<cc::CopyOutputResult> >)>::Run(base::internal::BindStateBase*, scoped_ptr<cc::CopyOutputResult, std::__1::default_delete<cc::CopyOutputResult> >)+0x37
C  [libjxbrowser.dylib+0x11081ce]  cc::CopyOutputRequest::SendResult(scoped_ptr<cc::CopyOutputResult, std::__1::default_delete<cc::CopyOutputResult> >)+0x8e
C  [libjxbrowser.dylib+0x10eb0c0]  cc::RunCopyCallbackOnMainThread(scoped_ptr<cc::CopyOutputRequest, std::__1::default_delete<cc::CopyOutputRequest> >, scoped_ptr<cc::CopyOutputResult, std::__1::default_delete<cc::CopyOutputResult> >)+0x20
C  [libjxbrowser.dylib+0x10eb212]  base::internal::Invoker<base::IndexSequence<0ul, 1ul>, base::internal::BindState<base::internal::RunnableAdapter<void (*)(scoped_ptr<cc::CopyOutputRequest, std::__1::default_delete<cc::CopyOutputRequest> >, scoped_ptr<cc::CopyOutputResult, std::__1::default_delete<cc::CopyOutputResult> >)>, void (scoped_ptr<cc::CopyOutputRequest, std::__1::default_delete<cc::CopyOutputRequest> >, scoped_ptr<cc::CopyOutputResult, std::__1::default_delete<cc::CopyOutputResult> >), base::internal::PassedWrapper<scoped_ptr<cc::CopyOutputRequest, std::__1::default_delete<cc::CopyOutputRequest> > >, base::internal::PassedWrapper<scoped_ptr<cc::CopyOutputResult, std::__1::default_delete<cc::CopyOutputResult> > > >, base::internal::TypeList<base::internal::UnwrapTraits<base::internal::PassedWrapper<scoped_ptr<cc::CopyOutputRequest, std::__1::default_delete<cc::CopyOutputRequest> > > >, base::internal::UnwrapTraits<base::internal::PassedWrapper<scoped_ptr<cc::CopyOutputResult, std::__1::default_delete<cc::CopyOutputResult> > > > >, base::internal::InvokeHelper<false, void, base::internal::RunnableAdapter<void (*)(scoped_ptr<cc::CopyOutputRequest, std::__1::default_delete<cc::CopyOutputRequest> >, scoped_ptr<cc::CopyOutputResult, std::__1::default_delete<cc::CopyOutputResult> >)>, base::internal::TypeList<scoped_ptr<cc::CopyOutputRequest, std::__1::default_delete<cc::CopyOutputRequest> >, scoped_ptr<cc::CopyOutputResult, std::__1::default_delete<cc::CopyOutputResult> > > >, void ()>::Run(base::internal::BindStateBase*)+0xb2
C  [libjxbrowser.dylib+0x632efa]  base::debug::TaskAnnotator::RunTask(char const*, base::PendingTask const&)+0xca
C  [libjxbrowser.dylib+0x654c99]  base::MessageLoop::RunTask(base::PendingTask const&)+0x1e9
C  [libjxbrowser.dylib+0x6551d8]  base::MessageLoop::DoWork()+0x278
C  [libjxbrowser.dylib+0x629251]  base::MessagePumpCFRunLoopBase::RunWork()+0x31
C  [libjxbrowser.dylib+0x64b68a]  base::mac::CallWithEHFrame(void () block_pointer)+0xa
C  [libjxbrowser.dylib+0x628c54]  base::MessagePumpCFRunLoopBase::RunWorkSource(void*)+0x44
C  [CoreFoundation+0xaa881]  __CFRUNLOOP_IS_CALLING_OUT_TO_A_SOURCE0_PERFORM_FUNCTION__+0x11
C  [CoreFoundation+0x89fbc]  __CFRunLoopDoSources0+0x22c
C  [CoreFoundation+0x894df]  __CFRunLoopRun+0x39f
C  [CoreFoundation+0x88ed8]  CFRunLoopRunSpecific+0x128
C  [HIToolbox+0x30935]  RunCurrentEventLoopInMode+0xeb
C  [HIToolbox+0x3076f]  ReceiveNextEventCommon+0x1b0
C  [HIToolbox+0x305af]  _BlockUntilNextEventMatchingListInModeWithFilter+0x47
C  [AppKit+0x48df6]  _DPSNextEvent+0x42b
C  [AppKit+0x48226]  -[NSApplication _nextEventMatchingEventMask:untilDate:inMode:dequeue:]+0x1c6
C  [libosxapp.dylib+0x242a]  -[NSApplicationAWT nextEventMatchingMask:untilDate:inMode:dequeue:]+0x7c
C  [libjxbrowser.dylib+0x629a96]  base::MessagePumpNSApplication::DoRun(base::MessagePump::Delegate*)+0x106
C  [libjxbrowser.dylib+0x6290a4]  base::MessagePumpCFRunLoopBase::Run(base::MessagePump::Delegate*)+0x64
C  [libjxbrowser.dylib+0x666f43]  base::RunLoop::Run()+0x63
C  [libjxbrowser.dylib+0x65440d]  base::MessageLoop::Run()+0x1d
C  [libjxbrowser.dylib+0x2518d]  jxb_main+0x9f
C  [libjxbrowser-common64-a3c8433b-c2b3-4eee-ae2f-adc7c31cf24a.dylib+0x37f2]  +[StartIPCTask runTask:]+0x1a7
C  [Foundation+0x76fde]  __NSThreadPerformPerform+0x117
C  [CoreFoundation+0xaa881]  __CFRUNLOOP_IS_CALLING_OUT_TO_A_SOURCE0_PERFORM_FUNCTION__+0x11
C  [CoreFoundation+0x89fbc]  __CFRunLoopDoSources0+0x22c
C  [CoreFoundation+0x894df]  __CFRunLoopRun+0x39f
C  [CoreFoundation+0x88ed8]  CFRunLoopRunSpecific+0x128
C  [HIToolbox+0x30935]  RunCurrentEventLoopInMode+0xeb
C  [HIToolbox+0x3076f]  ReceiveNextEventCommon+0x1b0
C  [HIToolbox+0x305af]  _BlockUntilNextEventMatchingListInModeWithFilter+0x47
C  [AppKit+0x48df6]  _DPSNextEvent+0x42b
C  [AppKit+0x48226]  -[NSApplication _nextEventMatchingEventMask:untilDate:inMode:dequeue:]+0x1c6
C  [libosxapp.dylib+0x242a]  -[NSApplicationAWT nextEventMatchingMask:untilDate:inMode:dequeue:]+0x7c
C  [AppKit+0x3cd80]  -[NSApplication run]+0x2aa
C  [libosxapp.dylib+0x223e]  +[NSApplicationAWT runAWTLoopWithApp:]+0x9c
C  [libawt_lwawt.dylib+0x4462b]  -[AWTStarter starter:]+0x389
C  [Foundation+0x76fde]  __NSThreadPerformPerform+0x117
C  [CoreFoundation+0xaa881]  __CFRUNLOOP_IS_CALLING_OUT_TO_A_SOURCE0_PERFORM_FUNCTION__+0x11
C  [CoreFoundation+0x89fbc]  __CFRunLoopDoSources0+0x22c
C  [CoreFoundation+0x894df]  __CFRunLoopRun+0x39f
C  [CoreFoundation+0x88ed8]  CFRunLoopRunSpecific+0x128
C  [java+0x6490]  CreateExecutionEnvironment+0x367
C  [java+0x221c]  JLI_Launch+0x7a0
C  [java+0x84ed]  main+0x65
C  [java+0x1a74]  start+0x34
C  0x000000000000000b


---------------  P R O C E S S  ---------------

Java Threads: ( => current thread )
  0x00007f89eb828800 JavaThread "Swing WidgetView Resize Task Executor" daemon [_thread_blocked, id=157327, stack(0x0000700011117000,0x0000700011217000)]
  0x00007f89e4863800 JavaThread "Browser Events Thread" [_thread_blocked, id=157519, stack(0x0000700010811000,0x0000700010911000)]
  0x00007f89ec2bb800 JavaThread "IPC Sync Events Thread" [_thread_blocked, id=126243, stack(0x000070001070e000,0x000070001080e000)]
  0x00007f89ec0a5800 JavaThread "Memory Writer SocketInfo{cid=380, bid=381, channelType=Render}" [_thread_blocked, id=139879, stack(0x000070001060b000,0x000070001070b000)]
  0x00007f89ec2b0800 JavaThread "Socket Connection Checker SocketInfo{cid=380, bid=381, channelType=Render}" [_thread_in_native, id=87783, stack(0x0000700010508000,0x0000700010608000)]
  0x00007f89e6188800 JavaThread "Thread-1146" [_thread_in_native, id=157067, stack(0x000070000cf4f000,0x000070000cfcf000)]
  0x00007f89e2ba1800 JavaThread "IPC Async Events Thread" [_thread_blocked, id=166135, stack(0x000070000c93a000,0x000070000ca3a000)]
  0x00007f89e4935000 JavaThread "Memory Writer SocketInfo{cid=381, bid=381, channelType=Browser}" [_thread_blocked, id=156123, stack(0x000070000b981000,0x000070000ba81000)]
  0x00007f89eb84b800 JavaThread "Socket Connection Checker SocketInfo{cid=381, bid=381, channelType=Browser}" [_thread_in_native, id=161111, stack(0x000070000b87e000,0x000070000b97e000)]
  0x00007f89e495b000 JavaThread "Thread-1145" [_thread_in_native, id=141855, stack(0x000070000af51000,0x000070000afd1000)]
  0x00007f89e586d800 JavaThread "Swing WidgetView Resize Task Executor" daemon [_thread_blocked, id=129723, stack(0x000070000d873000,0x000070000d973000)]
  0x00007f89ec2c0800 JavaThread "Browser Events Thread" [_thread_blocked, id=150575, stack(0x000070000d770000,0x000070000d870000)]
  0x00007f89ebad8800 JavaThread "IPC Sync Events Thread" [_thread_blocked, id=137195, stack(0x000070000d66d000,0x000070000d76d000)]
  0x00007f89e687a800 JavaThread "Memory Writer SocketInfo{cid=379, bid=380, channelType=Render}" [_thread_blocked, id=132911, stack(0x000070000d364000,0x000070000d464000)]
  0x00007f89e617e800 JavaThread "Socket Connection Checker SocketInfo{cid=379, bid=380, channelType=Render}" [_thread_in_native, id=107171, stack(0x000070000d055000,0x000070000d155000)]
  0x00007f89e6976800 JavaThread "Thread-1143" [_thread_in_native, id=163151, stack(0x000070000cfd2000,0x000070000d052000)]
  0x00007f89e612e800 JavaThread "Swing WidgetView Resize Task Executor" daemon [_thread_blocked, id=132055, stack(0x000070000ccc6000,0x000070000cdc6000)]
  0x00007f89e5892000 JavaThread "Browser Events Thread" [_thread_blocked, id=153419, stack(0x000070000cbc3000,0x000070000ccc3000)]
  0x00007f89e30e2000 JavaThread "IPC Sync Events Thread" [_thread_blocked, id=136103, stack(0x000070000ca3d000,0x000070000cb3d000)]
  0x00007f89e5b50000 JavaThread "Memory Writer SocketInfo{cid=378, bid=379, channelType=Render}" [_thread_blocked, id=141471, stack(0x000070000c2a5000,0x000070000c3a5000)]
  0x00007f89e583e800 JavaThread "Socket Connection Checker SocketInfo{cid=378, bid=379, channelType=Render}" [_thread_in_native, id=134407, stack(0x000070000bf16000,0x000070000c016000)]
  0x00007f89e4957800 JavaThread "Thread-1141" [_thread_in_native, id=160147, stack(0x000070000b2e0000,0x000070000b360000)]
  0x00007f89e3105000 JavaThread "IPC Async Events Thread" [_thread_blocked, id=167099, stack(0x000070000b675000,0x000070000b775000)]
  0x00007f89e60e8000 JavaThread "Memory Writer SocketInfo{cid=380, bid=380, channelType=Browser}" [_thread_blocked, id=98223, stack(0x000070000b1dd000,0x000070000b2dd000)]
  0x00007f89e29a7000 JavaThread "Socket Connection Checker SocketInfo{cid=380, bid=380, channelType=Browser}" [_thread_in_native, id=133319, stack(0x000070000b057000,0x000070000b157000)]
  0x00007f89e495c000 JavaThread "Thread-1140" [_thread_in_native, id=159443, stack(0x0000700000dc1000,0x0000700000e41000)]
  0x00007f89ebabe000 JavaThread "IPC Async Events Thread" [_thread_blocked, id=106551, stack(0x000070000c837000,0x000070000c937000)]
  0x00007f89eba6a800 JavaThread "Memory Writer SocketInfo{cid=379, bid=379, channelType=Browser}" [_thread_blocked, id=162915, stack(0x000070000c1a2000,0x000070000c2a2000)]
  0x00007f89eb843000 JavaThread "Socket Connection Checker SocketInfo{cid=379, bid=379, channelType=Browser}" [_thread_in_native, id=39307, stack(0x000070000be13000,0x000070000bf13000)]
  0x00007f89e282f800 JavaThread "Thread-1139" [_thread_in_native, id=122127, stack(0x000070000bd0d000,0x000070000bd8d000)]
  0x00007f89e4934000 JavaThread "Swing WidgetView Resize Task Executor" daemon [_thread_blocked, id=167315, stack(0x000070000d467000,0x000070000d567000)]
  0x00007f89e297f000 JavaThread "Browser Events Thread" [_thread_blocked, id=85883, stack(0x000070000d1de000,0x000070000d2de000)]
  0x00007f89eb86a800 JavaThread "IPC Sync Events Thread" [_thread_blocked, id=137511, stack(0x000070000cdc9000,0x000070000cec9000)]
  0x00007f89e612e000 JavaThread "Memory Writer SocketInfo{cid=377, bid=378, channelType=Render}" [_thread_blocked, id=134899, stack(0x000070000c631000,0x000070000c731000)]
  0x00007f89e612a000 JavaThread "Socket Connection Checker SocketInfo{cid=377, bid=378, channelType=Render}" [_thread_in_native, id=95691, stack(0x000070000c52e000,0x000070000c62e000)]
  0x00007f89e2a89800 JavaThread "Thread-1137" [_thread_in_native, id=127895, stack(0x000070000b5f2000,0x000070000b672000)]
  0x00007f89ec141800 JavaThread "IPC Async Events Thread" [_thread_blocked, id=166323, stack(0x000070000c42b000,0x000070000c52b000)]
  0x00007f89ec0d0800 JavaThread "Memory Writer SocketInfo{cid=378, bid=378, channelType=Browser}" [_thread_blocked, id=141227, stack(0x000070000bb87000,0x000070000bc87000)]
  0x00007f89ec109800 JavaThread "Socket Connection Checker SocketInfo{cid=378, bid=378, channelType=Browser}" [_thread_in_native, id=158743, stack(0x000070000ba84000,0x000070000bb84000)]
  0x00007f89eb944800 JavaThread "Thread-1136" [_thread_in_native, id=108783, stack(0x0000700002000000,0x0000700002080000)]
  0x00007f89ec0aa000 JavaThread "TimerQueue" daemon [_thread_blocked, id=119643, stack(0x000070000d56a000,0x000070000d66a000)]
  0x00007f89e60e6000 JavaThread "Thread-91" [_thread_in_native, id=127179, stack(0x000070000b469000,0x000070000b4e9000)]
  0x00007f89e490a000 JavaThread "IPC Sync Events Thread" [_thread_blocked, id=144919, stack(0x000070000dbf6000,0x000070000dcf6000)]
  0x00007f89e59a5800 JavaThread "AWT-EventQueue-0" [_thread_blocked, id=142339, stack(0x000070000daf3000,0x000070000dbf3000)]
  0x00007f89e30cb000 JavaThread "Memory Writer SocketInfo{cid=0, bid=-1, channelType=Main}" [_thread_blocked, id=80643, stack(0x0000700009645000,0x0000700009745000)]
  0x00007f89e68a8800 JavaThread "Socket Connection Checker SocketInfo{cid=0, bid=-1, channelType=Main}" [_thread_in_native, id=80147, stack(0x0000700009542000,0x0000700009642000)]
  0x00007f89e3908000 JavaThread "Thread-3" [_thread_in_native, id=79363, stack(0x000070000943c000,0x00007000094bc000)]
  0x00007f89e51e9800 JavaThread "Java2D Disposer" daemon [_thread_blocked, id=57883, stack(0x0000700002209000,0x0000700002309000)]
  0x00007f89e513b000 JavaThread "Java2D Queue Flusher" daemon [_thread_blocked, id=56839, stack(0x0000700002106000,0x0000700002206000)]
  0x00007f89e389f000 JavaThread "AWT-Shutdown" [_thread_blocked, id=35091, stack(0x0000700001cf1000,0x0000700001df1000)]
=>0x00007f89e38a1000 JavaThread "AppKit Thread" daemon [_thread_in_native, id=2571, stack(0x00007fff533d1000,0x00007fff53bd1000)]
  0x00007f89e58b5000 JavaThread "IPC Process Thread" daemon [_thread_in_native, id=25347, stack(0x0000700001b6b000,0x0000700001c6b000)]
  0x00007f89e3879000 JavaThread "IPC Server Thread" daemon [_thread_in_native, id=24835, stack(0x0000700001a68000,0x0000700001b68000)]
  0x00007f89e280c800 JavaThread "DestroyJavaVM" [_thread_blocked, id=5891, stack(0x000070000011a000,0x000070000021a000)]
  0x00007f89e30a1000 JavaThread "pool-1-thread-4" [_thread_blocked, id=24323, stack(0x0000700001965000,0x0000700001a65000)]
  0x00007f89e509d000 JavaThread "pool-1-thread-3" [_thread_blocked, id=23811, stack(0x0000700001862000,0x0000700001962000)]
  0x00007f89e3858000 JavaThread "pool-1-thread-2" [_thread_blocked, id=23299, stack(0x000070000175f000,0x000070000185f000)]
  0x00007f89e3857800 JavaThread "pool-1-thread-1" [_thread_blocked, id=22787, stack(0x000070000165c000,0x000070000175c000)]
  0x00007f89e2842000 JavaThread "Monitor Ctrl-Break" daemon [_thread_in_native, id=22275, stack(0x0000700001559000,0x0000700001659000)]
  0x00007f89e502f800 JavaThread "Service Thread" daemon [_thread_blocked, id=21251, stack(0x0000700001353000,0x0000700001453000)]
  0x00007f89e502e800 JavaThread "C1 CompilerThread3" daemon [_thread_blocked, id=20739, stack(0x0000700001250000,0x0000700001350000)]
  0x00007f89e5026000 JavaThread "C2 CompilerThread2" daemon [_thread_blocked, id=20227, stack(0x000070000114d000,0x000070000124d000)]
  0x00007f89e5025000 JavaThread "C2 CompilerThread1" daemon [_thread_blocked, id=19715, stack(0x000070000104a000,0x000070000114a000)]
  0x00007f89e2805000 JavaThread "C2 CompilerThread0" daemon [_thread_blocked, id=19203, stack(0x0000700000f47000,0x0000700001047000)]
  0x00007f89e501f800 JavaThread "Signal Dispatcher" daemon [_thread_blocked, id=15887, stack(0x0000700000e44000,0x0000700000f44000)]
  0x00007f89e6804000 JavaThread "Finalizer" daemon [_thread_blocked, id=14339, stack(0x0000700000c3b000,0x0000700000d3b000)]
  0x00007f89e5009800 JavaThread "Reference Handler" daemon [_thread_blocked, id=13827, stack(0x0000700000b38000,0x0000700000c38000)]

Other Threads:
  0x00007f89e5808800 VMThread [stack: 0x0000700000a35000,0x0000700000b35000] [id=13315]
  0x00007f89e3804800 WatcherThread [stack: 0x0000700001456000,0x0000700001556000] [id=21763]

VM state:not at safepoint (normal execution)

VM Mutex/Monitor currently owned by a thread: None

Heap:
 PSYoungGen      total 272384K, used 31139K [0x0000000795580000, 0x00000007b0d80000, 0x00000007c0000000)
  eden space 92160K, 23% used [0x0000000795580000,0x0000000796a7feb0,0x000000079af80000)
  from space 180224K, 5% used [0x000000079af80000,0x000000079b8e8eb0,0x00000007a5f80000)
  to   space 173056K, 0% used [0x00000007a6480000,0x00000007a6480000,0x00000007b0d80000)
 ParOldGen       total 404480K, used 227220K [0x0000000740000000, 0x0000000758b00000, 0x0000000795580000)
  object space 404480K, 56% used [0x0000000740000000,0x000000074dde52b8,0x0000000758b00000)
 Metaspace       used 15604K, capacity 15868K, committed 16000K, reserved 1062912K
  class space    used 1759K, capacity 1856K, committed 1920K, reserved 1048576K

Card table byte_map: [0x000000011d729000,0x000000011db2a000] byte_map_base: 0x0000000119d29000

Marking Bits: (ParMarkBitMap*) 0x000000010dcc27a0
 Begin Bits: [0x000000011ddd5000, 0x000000011fdd5000)
 End Bits:   [0x000000011fdd5000, 0x0000000121dd5000)

Polling page: 0x000000010c2f2000

CodeCache: size=245760Kb used=11027Kb max_used=11103Kb free=234732Kb
 bounds [0x000000010e369000, 0x000000010ee69000, 0x000000011d369000]
 total_blobs=3820 nmethods=3294 adapters=438
 compilation: enabled

Compilation events (10 events):
Event: 899.806 Thread 0x00007f89e2805000 3986       4       java.lang.reflect.Field::getFieldAccessor (35 bytes)
Event: 899.807 Thread 0x00007f89e2805000 nmethod 3986 0x000000010e8cf410 code [0x000000010e8cf560, 0x000000010e8cf608]
Event: 903.846 Thread 0x00007f89e502e800 3987       3       java.nio.channels.Channels::checkNotNull (37 bytes)
Event: 903.847 Thread 0x00007f89e502e800 nmethod 3987 0x000000010e8cfd90 code [0x000000010e8cff80, 0x000000010e8d08a8]
Event: 904.745 Thread 0x00007f89e5025000 3988       4       java.awt.Container::getComponentCount (5 bytes)
Event: 904.745 Thread 0x00007f89e5025000 nmethod 3988 0x000000010e48bbd0 code [0x000000010e48bd20, 0x000000010e48bdb8]
Event: 905.157 Thread 0x00007f89e502e800 3989       3       sun.misc.FloatingDecimal$BinaryToASCIIBuffer::getChars (502 bytes)
Event: 905.158 Thread 0x00007f89e502e800 nmethod 3989 0x000000010e9b9b50 code [0x000000010e9b9dc0, 0x000000010e9badd8]
Event: 905.353 Thread 0x00007f89e5026000 3990       4       sun.awt.AWTAccessor::getComponentAccessor (18 bytes)
Event: 905.353 Thread 0x00007f89e5026000 nmethod 3990 0x000000010ec3b990 code [0x000000010ec3bae0, 0x000000010ec3bb58]

GC Heap History (10 events):
Event: 895.765 GC heap before
{Heap before GC invocations=333 (full 48):
 PSYoungGen      total 262144K, used 69632K [0x0000000795580000, 0x00000007b1480000, 0x00000007c0000000)
  eden space 69632K, 100% used [0x0000000795580000,0x0000000799980000,0x0000000799980000)
  from space 192512K, 0% used [0x00000007a5880000,0x00000007a5880000,0x00000007b1480000)
  to   space 194048K, 0% used [0x0000000799980000,0x0000000799980000,0x00000007a5700000)
 ParOldGen       total 404480K, used 116032K [0x0000000740000000, 0x0000000758b00000, 0x0000000795580000)
  object space 404480K, 28% used [0x0000000740000000,0x0000000747150030,0x0000000758b00000)
 Metaspace       used 15601K, capacity 15868K, committed 16000K, reserved 1062912K
  class space    used 1759K, capacity 1856K, committed 1920K, reserved 1048576K
Event: 895.766 GC heap after
Heap after GC invocations=333 (full 48):
 PSYoungGen      total 263680K, used 735K [0x0000000795580000, 0x00000007b1700000, 0x00000007c0000000)
  eden space 69632K, 0% used [0x0000000795580000,0x0000000795580000,0x0000000799980000)
  from space 194048K, 0% used [0x0000000799980000,0x0000000799a37fb8,0x00000007a5700000)
  to   space 189440K, 0% used [0x00000007a5e00000,0x00000007a5e00000,0x00000007b1700000)
 ParOldGen       total 404480K, used 116032K [0x0000000740000000, 0x0000000758b00000, 0x0000000795580000)
  object space 404480K, 28% used [0x0000000740000000,0x0000000747150030,0x0000000758b00000)
 Metaspace       used 15601K, capacity 15868K, committed 16000K, reserved 1062912K
  class space    used 1759K, capacity 1856K, committed 1920K, reserved 1048576K
}
Event: 896.261 GC heap before
{Heap before GC invocations=334 (full 48):
 PSYoungGen      total 263680K, used 70367K [0x0000000795580000, 0x00000007b1700000, 0x00000007c0000000)
  eden space 69632K, 100% used [0x0000000795580000,0x0000000799980000,0x0000000799980000)
  from space 194048K, 0% used [0x0000000799980000,0x0000000799a37fb8,0x00000007a5700000)
  to   space 189440K, 0% used [0x00000007a5e00000,0x00000007a5e00000,0x00000007b1700000)
 ParOldGen       total 404480K, used 116058K [0x0000000740000000, 0x0000000758b00000, 0x0000000795580000)
  object space 404480K, 28% used [0x0000000740000000,0x00000007471568a0,0x0000000758b00000)
 Metaspace       used 15601K, capacity 15868K, committed 16000K, reserved 1062912K
  class space    used 1759K, capacity 1856K, committed 1920K, reserved 1048576K
Event: 896.263 GC heap after
Heap after GC invocations=334 (full 48):
 PSYoungGen      total 258560K, used 288K [0x0000000795580000, 0x00000007b0b80000, 0x00000007c0000000)
  eden space 80896K, 0% used [0x0000000795580000,0x0000000795580000,0x000000079a480000)
  from space 177664K, 0% used [0x00000007a5e00000,0x00000007a5e48000,0x00000007b0b80000)
  to   space 183808K, 0% used [0x000000079a480000,0x000000079a480000,0x00000007a5800000)
 ParOldGen       total 404480K, used 116602K [0x0000000740000000, 0x0000000758b00000, 0x0000000795580000)
  object space 404480K, 28% used [0x0000000740000000,0x00000007471de8e8,0x0000000758b00000)
 Metaspace       used 15601K, capacity 15868K, committed 16000K, reserved 1062912K
  class space    used 1759K, capacity 1856K, committed 1920K, reserved 1048576K
}
Event: 901.029 GC heap before
{Heap before GC invocations=335 (full 48):
 PSYoungGen      total 258560K, used 78074K [0x0000000795580000, 0x00000007b0b80000, 0x00000007c0000000)
  eden space 80896K, 96% used [0x0000000795580000,0x000000079a176a58,0x000000079a480000)
  from space 177664K, 0% used [0x00000007a5e00000,0x00000007a5e48000,0x00000007b0b80000)
  to   space 183808K, 0% used [0x000000079a480000,0x000000079a480000,0x00000007a5800000)
 ParOldGen       total 404480K, used 116602K [0x0000000740000000, 0x0000000758b00000, 0x0000000795580000)
  object space 404480K, 28% used [0x0000000740000000,0x00000007471de8e8,0x0000000758b00000)
 Metaspace       used 15601K, capacity 15868K, committed 16000K, reserved 1062912K
  class space    used 1759K, capacity 1856K, committed 1920K, reserved 1048576K
Event: 901.052 GC heap after
Heap after GC invocations=335 (full 48):
 PSYoungGen      total 264704K, used 96156K [0x0000000795580000, 0x00000007b2100000, 0x00000007c0000000)
  eden space 80896K, 0% used [0x0000000795580000,0x0000000795580000,0x000000079a480000)
  from space 183808K, 52% used [0x000000079a480000,0x00000007a02670b0,0x00000007a5800000)
  to   space 188928K, 0% used [0x00000007a6880000,0x00000007a6880000,0x00000007b2100000)
 ParOldGen       total 404480K, used 116682K [0x0000000740000000, 0x0000000758b00000, 0x0000000795580000)
  object space 404480K, 28% used [0x0000000740000000,0x00000007471f28e8,0x0000000758b00000)
 Metaspace       used 15601K, capacity 15868K, committed 16000K, reserved 1062912K
  class space    used 1759K, capacity 1856K, committed 1920K, reserved 1048576K
}
Event: 904.026 GC heap before
{Heap before GC invocations=336 (full 48):
 PSYoungGen      total 264704K, used 177052K [0x0000000795580000, 0x00000007b2100000, 0x00000007c0000000)
  eden space 80896K, 100% used [0x0000000795580000,0x000000079a480000,0x000000079a480000)
  from space 183808K, 52% used [0x000000079a480000,0x00000007a02670b0,0x00000007a5800000)
  to   space 188928K, 0% used [0x00000007a6880000,0x00000007a6880000,0x00000007b2100000)
 ParOldGen       total 404480K, used 116686K [0x0000000740000000, 0x0000000758b00000, 0x0000000795580000)
  object space 404480K, 28% used [0x0000000740000000,0x00000007471f38f8,0x0000000758b00000)
 Metaspace       used 15601K, capacity 15868K, committed 16000K, reserved 1062912K
  class space    used 1759K, capacity 1856K, committed 1920K, reserved 1048576K
Event: 904.042 GC heap after
Heap after GC invocations=336 (full 48):
 PSYoungGen      total 263168K, used 21527K [0x0000000795580000, 0x00000007b0f80000, 0x00000007c0000000)
  eden space 92160K, 0% used [0x0000000795580000,0x0000000795580000,0x000000079af80000)
  from space 171008K, 12% used [0x00000007a6880000,0x00000007a7d85c60,0x00000007b0f80000)
  to   space 180224K, 0% used [0x000000079af80000,0x000000079af80000,0x00000007a5f80000)
 ParOldGen       total 404480K, used 196774K [0x0000000740000000, 0x0000000758b00000, 0x0000000795580000)
  object space 404480K, 48% used [0x0000000740000000,0x000000074c029978,0x0000000758b00000)
 Metaspace       used 15601K, capacity 15868K, committed 16000K, reserved 1062912K
  class space    used 1759K, capacity 1856K, committed 1920K, reserved 1048576K
}
Event: 904.980 GC heap before
{Heap before GC invocations=337 (full 48):
 PSYoungGen      total 263168K, used 113687K [0x0000000795580000, 0x00000007b0f80000, 0x00000007c0000000)
  eden space 92160K, 100% used [0x0000000795580000,0x000000079af80000,0x000000079af80000)
  from space 171008K, 12% used [0x00000007a6880000,0x00000007a7d85c60,0x00000007b0f80000)
  to   space 180224K, 0% used [0x000000079af80000,0x000000079af80000,0x00000007a5f80000)
 ParOldGen       total 404480K, used 196796K [0x0000000740000000, 0x0000000758b00000, 0x0000000795580000)
  object space 404480K, 48% used [0x0000000740000000,0x000000074c02f288,0x0000000758b00000)
 Metaspace       used 15601K, capacity 15868K, committed 16000K, reserved 1062912K
  class space    used 1759K, capacity 1856K, committed 1920K, reserved 1048576K
Event: 904.989 GC heap after
Heap after GC invocations=337 (full 48):
 PSYoungGen      total 272384K, used 9635K [0x0000000795580000, 0x00000007b0d80000, 0x00000007c0000000)
  eden space 92160K, 0% used [0x0000000795580000,0x0000000795580000,0x000000079af80000)
  from space 180224K, 5% used [0x000000079af80000,0x000000079b8e8eb0,0x00000007a5f80000)
  to   space 173056K, 0% used [0x00000007a6480000,0x00000007a6480000,0x00000007b0d80000)
 ParOldGen       total 404480K, used 227220K [0x0000000740000000, 0x0000000758b00000, 0x0000000795580000)
  object space 404480K, 56% used [0x0000000740000000,0x000000074dde52b8,0x0000000758b00000)
 Metaspace       used 15601K, capacity 15868K, committed 16000K, reserved 1062912K
  class space    used 1759K, capacity 1856K, committed 1920K, reserved 1048576K
}

Deoptimization events (10 events):
Event: 351.199 Thread 0x00007f89e59a5800 Uncommon trap: reason=class_check action=maybe_recompile pc=0x000000010e7e1dcc method=java.awt.EventQueue.setCurrentEventAndMostRecentTimeImpl(Ljava/awt/AWTEvent;)V @ 53
Event: 395.014 Thread 0x00007f89e59a5800 Uncommon trap: reason=unstable_if action=reinterpret pc=0x000000010e85b32c method=java.security.AccessControlContext.combine([Ljava/security/ProtectionDomain;[Ljava/security/ProtectionDomain;)[Ljava/security/ProtectionDomain; @ 151
Event: 450.196 Thread 0x00007f89e59a5800 Uncommon trap: reason=unstable_if action=reinterpret pc=0x000000010e90747c method=java.util.concurrent.locks.ReentrantLock$Sync.nonfairTryAcquire(I)Z @ 19
Event: 466.408 Thread 0x00007f89ec0aa000 Uncommon trap: reason=unstable_if action=reinterpret pc=0x000000010e767160 method=java.util.concurrent.locks.AbstractQueuedSynchronizer$ConditionObject.addConditionWaiter()Ljava/util/concurrent/locks/AbstractQueuedSynchronizer$Node; @ 6
Event: 555.468 Thread 0x00007f89eb86b800 Uncommon trap: reason=unstable_if action=reinterpret pc=0x000000010ecbb518 method=java.util.concurrent.locks.AbstractQueuedSynchronizer.acquire(I)V @ 20
Event: 576.273 Thread 0x00007f89e38a1000 Uncommon trap: reason=unstable_if action=reinterpret pc=0x000000010e6d5d4c method=java.util.concurrent.locks.ReentrantLock$Sync.nonfairTryAcquire(I)Z @ 19
Event: 711.694 Thread 0x00007f89e38a1000 Uncommon trap: reason=unstable_if action=reinterpret pc=0x000000010e60e1d8 method=java.util.concurrent.locks.ReentrantLock$Sync.nonfairTryAcquire(I)Z @ 19
Event: 769.611 Thread 0x00007f89e38a1000 Uncommon trap: reason=unstable_if action=reinterpret pc=0x000000010e535898 method=java.util.concurrent.locks.ReentrantLock$Sync.nonfairTryAcquire(I)Z @ 19
Event: 825.184 Thread 0x00007f89e59a5800 Uncommon trap: reason=unstable_if action=reinterpret pc=0x000000010e8e75dc method=javax.swing.JComponent.paintImmediately(IIII)V @ 7
Event: 860.240 Thread 0x00007f89eb851800 Uncommon trap: reason=unstable_if action=reinterpret pc=0x000000010ec106a4 method=com.teamdev.jxbrowser.chromium.swing.internal.MemoryImage.updatePixels(Lcom/teamdev/jxbrowser/chromium/internal/SharedMemory;Ljava/awt/Rectangle;)V @ 21

Internal exceptions (10 events):
Event: 901.052 Thread 0x00007f89e6804000 Implicit null exception at 0x000000010ead3eac to 0x000000010ead500e
Event: 901.052 Thread 0x00007f89e6804000 Exception <a 'java/lang/NullPointerException'> (0x0000000795f641c0) thrown at [/Users/java_re/workspace/8-2-build-macosx-x86_64/jdk8u45/3457/hotspot/src/share/vm/runtime/sharedRuntime.cpp, line 605]
Event: 901.052 Thread 0x00007f89e6804000 Implicit null exception at 0x000000010ead3eac to 0x000000010ead500e
Event: 901.052 Thread 0x00007f89e6804000 Exception <a 'java/lang/NullPointerException'> (0x0000000795f64370) thrown at [/Users/java_re/workspace/8-2-build-macosx-x86_64/jdk8u45/3457/hotspot/src/share/vm/runtime/sharedRuntime.cpp, line 605]
Event: 904.989 Thread 0x00007f89e6804000 Implicit null exception at 0x000000010ead3eac to 0x000000010ead500e
Event: 904.989 Thread 0x00007f89e6804000 Exception <a 'java/lang/NullPointerException'> (0x00000007955fcf80) thrown at [/Users/java_re/workspace/8-2-build-macosx-x86_64/jdk8u45/3457/hotspot/src/share/vm/runtime/sharedRuntime.cpp, line 605]
Event: 904.989 Thread 0x00007f89e6804000 Implicit null exception at 0x000000010ead3eac to 0x000000010ead500e
Event: 904.989 Thread 0x00007f89e6804000 Exception <a 'java/lang/NullPointerException'> (0x00000007955fd130) thrown at [/Users/java_re/workspace/8-2-build-macosx-x86_64/jdk8u45/3457/hotspot/src/share/vm/runtime/sharedRuntime.cpp, line 605]
Event: 904.989 Thread 0x00007f89e6804000 Implicit null exception at 0x000000010ead3eac to 0x000000010ead500e
Event: 904.989 Thread 0x00007f89e6804000 Exception <a 'java/lang/NullPointerException'> (0x00000007955fd2e0) thrown at [/Users/java_re/workspace/8-2-build-macosx-x86_64/jdk8u45/3457/hotspot/src/share/vm/runtime/sharedRuntime.cpp, line 605]

Events (10 events):
Event: 905.292 Thread 0x00007f89e4863800 Thread added: 0x00007f89e4863800
Event: 905.300 Thread 0x00007f89eb828800 Thread added: 0x00007f89eb828800
Event: 905.309 Executing VM operation: BulkRevokeBias
Event: 905.309 Executing VM operation: BulkRevokeBias done
Event: 905.359 Executing VM operation: BulkRevokeBias
Event: 905.359 Executing VM operation: BulkRevokeBias done
Event: 905.366 Executing VM operation: RevokeBias
Event: 905.366 Executing VM operation: RevokeBias done
Event: 905.367 Executing VM operation: RevokeBias
Event: 905.367 Executing VM operation: RevokeBias done


Dynamic libraries:
0x0000000002291000 	/System/Library/Frameworks/Cocoa.framework/Versions/A/Cocoa
0x0000000002291000 	/System/Library/Frameworks/Security.framework/Versions/A/Security
0x0000000002291000 	/System/Library/Frameworks/ApplicationServices.framework/Versions/A/ApplicationServices
0x0000000002291000 	/usr/lib/libz.1.dylib
0x0000000002291000 	/usr/lib/libSystem.B.dylib
0x0000000002291000 	/usr/lib/libobjc.A.dylib
0x0000000002291000 	/System/Library/Frameworks/CoreFoundation.framework/Versions/A/CoreFoundation
0x0000000002291000 	/System/Library/Frameworks/Foundation.framework/Versions/C/Foundation
0x0000000002291000 	/System/Library/Frameworks/AppKit.framework/Versions/C/AppKit
0x0000000002291000 	/System/Library/Frameworks/CoreData.framework/Versions/A/CoreData
0x0000000002291000 	/System/Library/PrivateFrameworks/RemoteViewServices.framework/Versions/A/RemoteViewServices
0x0000000002291000 	/System/Library/PrivateFrameworks/UIFoundation.framework/Versions/A/UIFoundation
0x0000000002291000 	/usr/lib/libScreenReader.dylib
0x0000000002291000 	/System/Library/Frameworks/Accelerate.framework/Versions/A/Accelerate
0x0000000002291000 	/System/Library/Frameworks/IOSurface.framework/Versions/A/IOSurface
0x0000000002291000 	/System/Library/Frameworks/AudioToolbox.framework/Versions/A/AudioToolbox
0x0000000002291000 	/System/Library/Frameworks/AudioUnit.framework/Versions/A/AudioUnit
0x0000000002291000 	/System/Library/PrivateFrameworks/DataDetectorsCore.framework/Versions/A/DataDetectorsCore
0x0000000002291000 	/System/Library/PrivateFrameworks/DesktopServicesPriv.framework/Versions/A/DesktopServicesPriv
0x0000000002291000 	/System/Library/Frameworks/Carbon.framework/Versions/A/Frameworks/HIToolbox.framework/Versions/A/HIToolbox
0x0000000002291000 	/System/Library/Frameworks/QuartzCore.framework/Versions/A/QuartzCore
0x0000000002291000 	/System/Library/Frameworks/Carbon.framework/Versions/A/Frameworks/SpeechRecognition.framework/Versions/A/SpeechRecognition
0x0000000002291000 	/usr/lib/libauto.dylib
0x0000000002291000 	/usr/lib/libicucore.A.dylib
0x0000000002291000 	/usr/lib/libxml2.2.dylib
0x0000000002291000 	/System/Library/PrivateFrameworks/CoreUI.framework/Versions/A/CoreUI
0x0000000002291000 	/System/Library/Frameworks/CoreAudio.framework/Versions/A/CoreAudio
0x0000000002291000 	/System/Library/Frameworks/DiskArbitration.framework/Versions/A/DiskArbitration
0x0000000002291000 	/usr/lib/liblangid.dylib
0x0000000002291000 	/System/Library/PrivateFrameworks/MultitouchSupport.framework/Versions/A/MultitouchSupport
0x0000000002291000 	/System/Library/Frameworks/IOKit.framework/Versions/A/IOKit
0x0000000002291000 	/usr/lib/libDiagnosticMessagesClient.dylib
0x0000000002291000 	/System/Library/Frameworks/CoreServices.framework/Versions/A/CoreServices
0x0000000002291000 	/System/Library/PrivateFrameworks/PerformanceAnalysis.framework/Versions/A/PerformanceAnalysis
0x0000000002291000 	/System/Library/PrivateFrameworks/GenerationalStorage.framework/Versions/A/GenerationalStorage
0x0000000002291000 	/System/Library/Frameworks/OpenGL.framework/Versions/A/OpenGL
0x0000000002291000 	/System/Library/PrivateFrameworks/Sharing.framework/Versions/A/Sharing
0x0000000002291000 	/System/Library/Frameworks/CoreGraphics.framework/Versions/A/CoreGraphics
0x0000000002291000 	/System/Library/Frameworks/CoreImage.framework/Versions/A/CoreImage
0x0000000002291000 	/System/Library/Frameworks/CoreText.framework/Versions/A/CoreText
0x0000000002291000 	/System/Library/Frameworks/ImageIO.framework/Versions/A/ImageIO
0x0000000002291000 	/System/Library/PrivateFrameworks/Backup.framework/Versions/A/Backup
0x0000000002291000 	/usr/lib/libextension.dylib
0x0000000002291000 	/usr/lib/libarchive.2.dylib
0x0000000002291000 	/System/Library/Frameworks/CFNetwork.framework/Versions/A/CFNetwork
0x0000000002291000 	/System/Library/Frameworks/SystemConfiguration.framework/Versions/A/SystemConfiguration
0x0000000002291000 	/usr/lib/libCRFSuite.dylib
0x0000000002291000 	/usr/lib/libc++.1.dylib
0x0000000002291000 	/usr/lib/libc++abi.dylib
0x0000000002291000 	/usr/lib/system/libcache.dylib
0x0000000002291000 	/usr/lib/system/libcommonCrypto.dylib
0x0000000002291000 	/usr/lib/system/libcompiler_rt.dylib
0x0000000002291000 	/usr/lib/system/libcopyfile.dylib
0x0000000002291000 	/usr/lib/system/libcorecrypto.dylib
0x0000000002291000 	/usr/lib/system/libdispatch.dylib
0x0000000002291000 	/usr/lib/system/libdyld.dylib
0x0000000002291000 	/usr/lib/system/libkeymgr.dylib
0x0000000002291000 	/usr/lib/system/liblaunch.dylib
0x0000000002291000 	/usr/lib/system/libmacho.dylib
0x0000000002291000 	/usr/lib/system/libquarantine.dylib
0x0000000002291000 	/usr/lib/system/libremovefile.dylib
0x0000000002291000 	/usr/lib/system/libsystem_asl.dylib
0x0000000002291000 	/usr/lib/system/libsystem_blocks.dylib
0x0000000002291000 	/usr/lib/system/libsystem_c.dylib
0x0000000002291000 	/usr/lib/system/libsystem_configuration.dylib
0x0000000002291000 	/usr/lib/system/libsystem_coreservices.dylib
0x0000000002291000 	/usr/lib/system/libsystem_coretls.dylib
0x0000000002291000 	/usr/lib/system/libsystem_dnssd.dylib
0x0000000002291000 	/usr/lib/system/libsystem_info.dylib
0x0000000002291000 	/usr/lib/system/libsystem_kernel.dylib
0x0000000002291000 	/usr/lib/system/libsystem_m.dylib
0x0000000002291000 	/usr/lib/system/libsystem_malloc.dylib
0x0000000002291000 	/usr/lib/system/libsystem_network.dylib
0x0000000002291000 	/usr/lib/system/libsystem_networkextension.dylib
0x0000000002291000 	/usr/lib/system/libsystem_notify.dylib
0x0000000002291000 	/usr/lib/system/libsystem_platform.dylib
0x0000000002291000 	/usr/lib/system/libsystem_pthread.dylib
0x0000000002291000 	/usr/lib/system/libsystem_sandbox.dylib
0x0000000002291000 	/usr/lib/system/libsystem_secinit.dylib
0x0000000002291000 	/usr/lib/system/libsystem_trace.dylib
0x0000000002291000 	/usr/lib/system/libunc.dylib
0x0000000002291000 	/usr/lib/system/libunwind.dylib
0x0000000002291000 	/usr/lib/system/libxpc.dylib
0x0000000002291000 	/usr/lib/libenergytrace.dylib
0x0000000002291000 	/usr/lib/libbsm.0.dylib
0x0000000002291000 	/usr/lib/system/libkxld.dylib
0x0000000002291000 	/usr/lib/libxar.1.dylib
0x0000000002291000 	/usr/lib/libsqlite3.dylib
0x0000000002291000 	/usr/lib/libpam.2.dylib
0x0000000002291000 	/usr/lib/libOpenScriptingUtil.dylib
0x0000000002291000 	/usr/lib/libbz2.1.0.dylib
0x0000000002291000 	/usr/lib/liblzma.5.dylib
0x0000000002291000 	/System/Library/Frameworks/CoreServices.framework/Versions/A/Frameworks/FSEvents.framework/Versions/A/FSEvents
0x0000000002291000 	/System/Library/Frameworks/CoreServices.framework/Versions/A/Frameworks/CarbonCore.framework/Versions/A/CarbonCore
0x0000000002291000 	/System/Library/Frameworks/CoreServices.framework/Versions/A/Frameworks/Metadata.framework/Versions/A/Metadata
0x0000000002291000 	/System/Library/Frameworks/CoreServices.framework/Versions/A/Frameworks/OSServices.framework/Versions/A/OSServices
0x0000000002291000 	/System/Library/Frameworks/CoreServices.framework/Versions/A/Frameworks/SearchKit.framework/Versions/A/SearchKit
0x0000000002291000 	/System/Library/Frameworks/CoreServices.framework/Versions/A/Frameworks/AE.framework/Versions/A/AE
0x0000000002291000 	/System/Library/Frameworks/CoreServices.framework/Versions/A/Frameworks/LaunchServices.framework/Versions/A/LaunchServices
0x0000000002291000 	/System/Library/Frameworks/CoreServices.framework/Versions/A/Frameworks/DictionaryServices.framework/Versions/A/DictionaryServices
0x0000000002291000 	/System/Library/Frameworks/CoreServices.framework/Versions/A/Frameworks/SharedFileList.framework/Versions/A/SharedFileList
0x0000000002291000 	/System/Library/Frameworks/NetFS.framework/Versions/A/NetFS
0x0000000002291000 	/System/Library/PrivateFrameworks/NetAuth.framework/Versions/A/NetAuth
0x0000000002291000 	/System/Library/PrivateFrameworks/login.framework/Versions/A/Frameworks/loginsupport.framework/Versions/A/loginsupport
0x0000000002291000 	/System/Library/PrivateFrameworks/TCC.framework/Versions/A/TCC
0x0000000002291000 	/usr/lib/libmecabra.dylib
0x0000000002291000 	/System/Library/Frameworks/ApplicationServices.framework/Versions/A/Frameworks/ATS.framework/Versions/A/ATS
0x0000000002291000 	/System/Library/Frameworks/ApplicationServices.framework/Versions/A/Frameworks/ColorSync.framework/Versions/A/ColorSync
0x0000000002291000 	/System/Library/Frameworks/ApplicationServices.framework/Versions/A/Frameworks/HIServices.framework/Versions/A/HIServices
0x0000000002291000 	/System/Library/Frameworks/ApplicationServices.framework/Versions/A/Frameworks/LangAnalysis.framework/Versions/A/LangAnalysis
0x0000000002291000 	/System/Library/Frameworks/ApplicationServices.framework/Versions/A/Frameworks/PrintCore.framework/Versions/A/PrintCore
0x0000000002291000 	/System/Library/Frameworks/ApplicationServices.framework/Versions/A/Frameworks/QD.framework/Versions/A/QD
0x0000000002291000 	/System/Library/Frameworks/ApplicationServices.framework/Versions/A/Frameworks/SpeechSynthesis.framework/Versions/A/SpeechSynthesis
0x0000000002291000 	/System/Library/Frameworks/Metal.framework/Versions/A/Metal
0x0000000002291000 	/System/Library/Frameworks/Accelerate.framework/Versions/A/Frameworks/vImage.framework/Versions/A/vImage
0x0000000002291000 	/System/Library/Frameworks/Accelerate.framework/Versions/A/Frameworks/vecLib.framework/Versions/A/vecLib
0x0000000002291000 	/System/Library/Frameworks/Accelerate.framework/Versions/A/Frameworks/vecLib.framework/Versions/A/libvDSP.dylib
0x0000000002291000 	/System/Library/Frameworks/Accelerate.framework/Versions/A/Frameworks/vecLib.framework/Versions/A/libvMisc.dylib
0x0000000002291000 	/System/Library/Frameworks/Accelerate.framework/Versions/A/Frameworks/vecLib.framework/Versions/A/libLAPACK.dylib
0x0000000002291000 	/System/Library/Frameworks/Accelerate.framework/Versions/A/Frameworks/vecLib.framework/Versions/A/libBLAS.dylib
0x0000000002291000 	/System/Library/Frameworks/Accelerate.framework/Versions/A/Frameworks/vecLib.framework/Versions/A/libLinearAlgebra.dylib
0x0000000002291000 	/System/Library/Frameworks/Accelerate.framework/Versions/A/Frameworks/vecLib.framework/Versions/A/libSparseBLAS.dylib
0x0000000002291000 	/System/Library/PrivateFrameworks/GPUCompiler.framework/libmetal_timestamp.dylib
0x0000000002291000 	/System/Library/Frameworks/OpenGL.framework/Versions/A/Libraries/libCoreFSCache.dylib
0x0000000002291000 	/System/Library/PrivateFrameworks/IOAccelerator.framework/Versions/A/IOAccelerator
0x0000000002291000 	/System/Library/Frameworks/ApplicationServices.framework/Versions/A/Frameworks/ATS.framework/Versions/A/Resources/libFontParser.dylib
0x0000000002291000 	/System/Library/Frameworks/ApplicationServices.framework/Versions/A/Frameworks/ATS.framework/Versions/A/Resources/libFontRegistry.dylib
0x0000000002291000 	/System/Library/PrivateFrameworks/AppleVPA.framework/Versions/A/AppleVPA
0x0000000002291000 	/System/Library/PrivateFrameworks/AppleJPEG.framework/Versions/A/AppleJPEG
0x0000000002291000 	/System/Library/Frameworks/ImageIO.framework/Versions/A/Resources/libJPEG.dylib
0x0000000002291000 	/System/Library/Frameworks/ImageIO.framework/Versions/A/Resources/libTIFF.dylib
0x0000000002291000 	/System/Library/Frameworks/ImageIO.framework/Versions/A/Resources/libPng.dylib
0x0000000002291000 	/System/Library/Frameworks/ImageIO.framework/Versions/A/Resources/libGIF.dylib
0x0000000002291000 	/System/Library/Frameworks/ImageIO.framework/Versions/A/Resources/libJP2.dylib
0x0000000002291000 	/System/Library/Frameworks/ImageIO.framework/Versions/A/Resources/libRadiance.dylib
0x0000000002291000 	/System/Library/Frameworks/CoreVideo.framework/Versions/A/CoreVideo
0x0000000002291000 	/System/Library/Frameworks/OpenGL.framework/Versions/A/Libraries/libGLU.dylib
0x0000000002291000 	/System/Library/Frameworks/OpenGL.framework/Versions/A/Libraries/libGFXShared.dylib
0x0000000002291000 	/System/Library/Frameworks/OpenGL.framework/Versions/A/Libraries/libGL.dylib
0x0000000002291000 	/System/Library/Frameworks/OpenGL.framework/Versions/A/Libraries/libGLImage.dylib
0x0000000002291000 	/System/Library/Frameworks/OpenGL.framework/Versions/A/Libraries/libCVMSPluginSupport.dylib
0x0000000002291000 	/System/Library/Frameworks/OpenGL.framework/Versions/A/Libraries/libCoreVMClient.dylib
0x0000000002291000 	/usr/lib/libcompression.dylib
0x0000000002291000 	/usr/lib/libcups.2.dylib
0x0000000002291000 	/System/Library/Frameworks/Kerberos.framework/Versions/A/Kerberos
0x0000000002291000 	/System/Library/Frameworks/GSS.framework/Versions/A/GSS
0x0000000002291000 	/usr/lib/libresolv.9.dylib
0x0000000002291000 	/usr/lib/libiconv.2.dylib
0x0000000002291000 	/System/Library/PrivateFrameworks/Heimdal.framework/Versions/A/Heimdal
0x0000000002291000 	/usr/lib/libheimdal-asn1.dylib
0x0000000002291000 	/System/Library/Frameworks/OpenDirectory.framework/Versions/A/OpenDirectory
0x0000000002291000 	/System/Library/PrivateFrameworks/CommonAuth.framework/Versions/A/CommonAuth
0x0000000002291000 	/System/Library/Frameworks/OpenDirectory.framework/Versions/A/Frameworks/CFOpenDirectory.framework/Versions/A/CFOpenDirectory
0x0000000002291000 	/System/Library/Frameworks/SecurityFoundation.framework/Versions/A/SecurityFoundation
0x0000000002291000 	/System/Library/PrivateFrameworks/LanguageModeling.framework/Versions/A/LanguageModeling
0x0000000002291000 	/usr/lib/libmarisa.dylib
0x0000000002291000 	/usr/lib/libChineseTokenizer.dylib
0x0000000002291000 	/usr/lib/libcmph.dylib
0x0000000002291000 	/System/Library/Frameworks/ServiceManagement.framework/Versions/A/ServiceManagement
0x0000000002291000 	/usr/lib/libxslt.1.dylib
0x0000000002291000 	/System/Library/Frameworks/Carbon.framework/Versions/A/Frameworks/Ink.framework/Versions/A/Ink
0x0000000002291000 	/usr/lib/libFosl_dynamic.dylib
0x0000000002291000 	/System/Library/PrivateFrameworks/FaceCore.framework/Versions/A/FaceCore
0x0000000002291000 	/System/Library/Frameworks/OpenCL.framework/Versions/A/OpenCL
0x0000000002291000 	/System/Library/PrivateFrameworks/CrashReporterSupport.framework/Versions/A/CrashReporterSupport
0x0000000002291000 	/System/Library/PrivateFrameworks/IconServices.framework/Versions/A/IconServices
0x0000000002291000 	/System/Library/PrivateFrameworks/Apple80211.framework/Versions/A/Apple80211
0x0000000002291000 	/System/Library/Frameworks/CoreWLAN.framework/Versions/A/CoreWLAN
0x0000000002291000 	/System/Library/Frameworks/IOBluetooth.framework/Versions/A/IOBluetooth
0x0000000002291000 	/System/Library/PrivateFrameworks/CoreWiFi.framework/Versions/A/CoreWiFi
0x0000000002291000 	/System/Library/Frameworks/CoreBluetooth.framework/Versions/A/CoreBluetooth
0x0000000002291000 	/System/Library/PrivateFrameworks/ChunkingLibrary.framework/Versions/A/ChunkingLibrary
0x0000000002291000 	/System/Library/PrivateFrameworks/DebugSymbols.framework/Versions/A/DebugSymbols
0x0000000002291000 	/System/Library/PrivateFrameworks/CoreSymbolication.framework/Versions/A/CoreSymbolication
0x0000000002291000 	/System/Library/PrivateFrameworks/Symbolication.framework/Versions/A/Symbolication
0x0000000002291000 	/System/Library/PrivateFrameworks/SpeechRecognitionCore.framework/Versions/A/SpeechRecognitionCore
0x000000010d400000 	/Library/Java/JavaVirtualMachines/jdk1.8.0_45.jdk/Contents/Home/jre/lib/server/libjvm.dylib
0x0000000002291000 	/usr/lib/libstdc++.6.dylib
0x000000010c2af000 	/Library/Java/JavaVirtualMachines/jdk1.8.0_45.jdk/Contents/Home/jre/lib/libverify.dylib
0x000000010c2bd000 	/Library/Java/JavaVirtualMachines/jdk1.8.0_45.jdk/Contents/Home/jre/lib/libjava.dylib
0x000000010c2fc000 	/Library/Java/JavaVirtualMachines/jdk1.8.0_45.jdk/Contents/Home/jre/lib/libzip.dylib
0x0000000124860000 	/System/Library/Frameworks/JavaVM.framework/Frameworks/JavaRuntimeSupport.framework/JavaRuntimeSupport
0x000000012487b000 	/System/Library/Frameworks/JavaVM.framework/Versions/A/Frameworks/JavaNativeFoundation.framework/Versions/A/JavaNativeFoundation
0x000000010c3f1000 	/System/Library/Frameworks/JavaVM.framework/Versions/A/JavaVM
0x0000000002291000 	/System/Library/Frameworks/Carbon.framework/Versions/A/Carbon
0x0000000124890000 	/System/Library/PrivateFrameworks/JavaLaunching.framework/Versions/A/JavaLaunching
0x0000000002291000 	/System/Library/Frameworks/Carbon.framework/Versions/A/Frameworks/CommonPanels.framework/Versions/A/CommonPanels
0x0000000002291000 	/System/Library/Frameworks/Carbon.framework/Versions/A/Frameworks/Help.framework/Versions/A/Help
0x0000000002291000 	/System/Library/Frameworks/Carbon.framework/Versions/A/Frameworks/ImageCapture.framework/Versions/A/ImageCapture
0x0000000002291000 	/System/Library/Frameworks/Carbon.framework/Versions/A/Frameworks/OpenScripting.framework/Versions/A/OpenScripting
0x0000000002291000 	/System/Library/Frameworks/Carbon.framework/Versions/A/Frameworks/Print.framework/Versions/A/Print
0x0000000002291000 	/System/Library/Frameworks/Carbon.framework/Versions/A/Frameworks/SecurityHI.framework/Versions/A/SecurityHI
0x00000001262fd000 	/Applications/IntelliJ IDEA 14.app/Contents/bin/libbreakgen64.jnilib
0x0000000126300000 	/Library/Java/JavaVirtualMachines/jdk1.8.0_45.jdk/Contents/Home/jre/lib/libnet.dylib
0x000000012654b000 	/Library/Java/JavaVirtualMachines/jdk1.8.0_45.jdk/Contents/Home/jre/lib/libnio.dylib
0x000000012655b000 	/private/var/folders/10/lbs71znd53g6m1w148c_bw640000gq/T/jxbrowser-chromium-49.0.2623.110.unknown/data/Temp/libjxbrowser-common64-a3c8433b-c2b3-4eee-ae2f-adc7c31cf24a.dylib
0x0000000126567000 	/Library/Java/JavaVirtualMachines/jdk1.8.0_45.jdk/Contents/Home/jre/lib/libawt.dylib
0x000000012660f000 	/Library/Java/JavaVirtualMachines/jdk1.8.0_45.jdk/Contents/Home/jre/lib/./libmlib_image.dylib
0x00000001266db000 	/Library/Java/JavaVirtualMachines/jdk1.8.0_45.jdk/Contents/Home/jre/lib/libawt_lwawt.dylib
0x000000012678f000 	/Library/Java/JavaVirtualMachines/jdk1.8.0_45.jdk/Contents/Home/jre/lib/./libosxapp.dylib
0x0000000002291000 	/System/Library/Frameworks/ExceptionHandling.framework/Versions/A/ExceptionHandling
0x0000000002291000 	/System/Library/PrivateFrameworks/CoreServicesInternal.framework/Versions/A/CoreServicesInternal
0x0000000002291000 	/System/Library/Frameworks/CoreGraphics.framework/Versions/A/Resources/libRIP.A.dylib
0x0000000002291000 	/System/Library/Frameworks/Accelerate.framework/Versions/A/Frameworks/vImage.framework/Versions/A/Libraries/libCGInterfaces.dylib
0x0000000002291000 	/System/Library/Frameworks/CoreGraphics.framework/Versions/A/Resources/libCGXType.A.dylib
0x0000000002291000 	/System/Library/Frameworks/OpenCL.framework/Versions/A/Libraries/libcldcpuengine.dylib
0x0000000002291000 	/System/Library/PrivateFrameworks/DiskImages.framework/Versions/A/DiskImages
0x0000000002291000 	/System/Library/Frameworks/DiscRecording.framework/Versions/A/DiscRecording
0x0000000002291000 	/usr/lib/libcsfde.dylib
0x0000000002291000 	/usr/lib/libcurl.4.dylib
0x0000000002291000 	/System/Library/PrivateFrameworks/MediaKit.framework/Versions/A/MediaKit
0x0000000002291000 	/System/Library/PrivateFrameworks/ProtectedCloudStorage.framework/Versions/A/ProtectedCloudStorage
0x0000000002291000 	/usr/lib/libCoreStorage.dylib
0x0000000002291000 	/System/Library/PrivateFrameworks/EFILogin.framework/Versions/A/EFILogin
0x0000000002291000 	/usr/lib/libutil.dylib
0x0000000002291000 	/System/Library/PrivateFrameworks/FindMyDevice.framework/Versions/A/FindMyDevice
0x0000000002291000 	/System/Library/Frameworks/LDAP.framework/Versions/A/LDAP
0x0000000002291000 	/usr/lib/libsasl2.2.dylib
0x0000000002291000 	/System/Library/PrivateFrameworks/CoreDaemon.framework/Versions/B/CoreDaemon
0x0000000002291000 	/usr/lib/libcrypto.0.9.8.dylib
0x0000000002291000 	/System/Library/PrivateFrameworks/AppleSRP.framework/Versions/A/AppleSRP
0x0000000002291000 	/System/Library/PrivateFrameworks/TrustEvaluationAgent.framework/Versions/A/TrustEvaluationAgent
0x0000000128392000 	cl_kernels
0x0000000002291000 	/System/Library/Frameworks/OpenCL.framework/Versions/A/Libraries/ImageFormats/unorm8_bgra.dylib
0x0000000002291000 	/System/Library/Frameworks/OpenCL.framework/Versions/A/Libraries/ImageFormats/unorm8_rgba.dylib
0x0000000002291000 	/System/Library/PrivateFrameworks/FamilyControls.framework/Versions/A/FamilyControls
0x0000000002291000 	/System/Library/PrivateFrameworks/CommerceKit.framework/Versions/A/Frameworks/CommerceCore.framework/Versions/A/CommerceCore
0x0000000002291000 	/System/Library/PrivateFrameworks/SystemAdministration.framework/Versions/A/SystemAdministration
0x0000000002291000 	/System/Library/PrivateFrameworks/AppContainer.framework/Versions/A/AppContainer
0x0000000002291000 	/System/Library/PrivateFrameworks/SecCodeWrapper.framework/Versions/A/SecCodeWrapper
0x0000000002291000 	/System/Library/Frameworks/DirectoryService.framework/Versions/A/DirectoryService
0x0000000002291000 	/System/Library/PrivateFrameworks/LoginUIKit.framework/Versions/A/Frameworks/LoginUICore.framework/Versions/A/LoginUICore
0x0000000002291000 	/usr/lib/libodfde.dylib
0x0000000002291000 	/System/Library/Frameworks/OpenGL.framework/Versions/A/Resources/GLEngine.bundle/GLEngine
0x0000000002291000 	/System/Library/Frameworks/OpenGL.framework/Versions/A/Libraries/libGLProgrammability.dylib
0x00000001295a1000 	/System/Library/Extensions/AppleIntelHD5000GraphicsGLDriver.bundle/Contents/MacOS/AppleIntelHD5000GraphicsGLDriver
0x0000000002291000 	/System/Library/PrivateFrameworks/GPUSupport.framework/Versions/A/Libraries/libGPUSupportMercury.dylib
0x0000000002291000 	/System/Library/Frameworks/OpenGL.framework/Versions/A/Resources/GLRendererFloat.bundle/GLRendererFloat
0x000000012a9f6000 	/Library/Java/JavaVirtualMachines/jdk1.8.0_45.jdk/Contents/Home/jre/lib/libfontmanager.dylib
0x000000012ac5d000 	/Library/Java/JavaVirtualMachines/jdk1.8.0_45.jdk/Contents/Home/jre/lib/libosxui.dylib
0x000000012b6a8000 	/Volumes/Egoist-External/browser/JxBrowser/native/bin/mac/jxbrowser.app/Contents/Frameworks/JxBrowser.framework/Libraries/libjxbrowser.dylib
0x0000000002291000 	/usr/lib/libsandbox.1.dylib
0x0000000002291000 	/System/Library/Frameworks/QTKit.framework/Versions/A/QTKit
0x0000000002291000 	/System/Library/Frameworks/ImageCaptureCore.framework/Versions/A/ImageCaptureCore
0x0000000002291000 	/System/Library/Frameworks/AddressBook.framework/Versions/A/AddressBook
0x0000000002291000 	/System/Library/Frameworks/SecurityInterface.framework/Versions/A/SecurityInterface
0x0000000133e40000 	/System/Library/Frameworks/CoreMIDI.framework/Versions/A/CoreMIDI
0x0000000002291000 	/System/Library/Frameworks/Quartz.framework/Versions/A/Quartz
0x0000000002291000 	/usr/lib/libMatch.1.dylib
0x0000000002291000 	/System/Library/Frameworks/AVFoundation.framework/Versions/A/AVFoundation
0x0000000002291000 	/System/Library/Frameworks/CoreMedia.framework/Versions/A/CoreMedia
0x0000000002291000 	/System/Library/Frameworks/MediaToolbox.framework/Versions/A/MediaToolbox
0x0000000002291000 	/System/Library/Frameworks/VideoToolbox.framework/Versions/A/VideoToolbox
0x0000000002291000 	/System/Library/PrivateFrameworks/CoreMediaAuthoring.framework/Versions/A/CoreMediaAuthoring
0x0000000002291000 	/System/Library/Frameworks/CoreMediaIO.framework/Versions/A/CoreMediaIO
0x0000000002291000 	/System/Library/Frameworks/AVFoundation.framework/Versions/A/Resources/libAVFAudio.dylib
0x0000000002291000 	/usr/lib/libspindump.dylib
0x0000000002291000 	/System/Library/PrivateFrameworks/CoreAVCHD.framework/Versions/A/CoreAVCHD
0x0000000002291000 	/System/Library/Frameworks/MediaAccessibility.framework/Versions/A/MediaAccessibility
0x0000000002291000 	/System/Library/PrivateFrameworks/Mangrove.framework/Versions/A/Mangrove
0x0000000002291000 	/System/Library/PrivateFrameworks/CoreAUC.framework/Versions/A/CoreAUC
0x0000000002291000 	/System/Library/PrivateFrameworks/AppleVA.framework/Versions/A/AppleVA
0x0000000002291000 	/System/Library/PrivateFrameworks/XPCService.framework/Versions/A/XPCService
0x0000000002291000 	/System/Library/PrivateFrameworks/AppSandbox.framework/Versions/A/AppSandbox
0x0000000002291000 	/System/Library/PrivateFrameworks/ContactsPersistence.framework/Versions/A/ContactsPersistence
0x0000000002291000 	/System/Library/PrivateFrameworks/ContactsFoundation.framework/Versions/A/ContactsFoundation
0x0000000002291000 	/System/Library/PrivateFrameworks/vCard.framework/Versions/A/vCard
0x0000000002291000 	/System/Library/PrivateFrameworks/IntlPreferences.framework/Versions/A/IntlPreferences
0x0000000002291000 	/System/Library/PrivateFrameworks/ToneLibrary.framework/Versions/A/ToneLibrary
0x0000000002291000 	/System/Library/PrivateFrameworks/ToneKit.framework/Versions/A/ToneKit
0x0000000002291000 	/System/Library/PrivateFrameworks/ApplePushService.framework/Versions/A/ApplePushService
0x0000000002291000 	/System/Library/PrivateFrameworks/PhoneNumbers.framework/Versions/A/PhoneNumbers
0x0000000002291000 	/System/Library/PrivateFrameworks/ViewBridge.framework/Versions/A/ViewBridge
0x0000000002291000 	/System/Library/Frameworks/Quartz.framework/Versions/A/Frameworks/QuartzComposer.framework/Versions/A/QuartzComposer
0x0000000002291000 	/System/Library/Frameworks/Quartz.framework/Versions/A/Frameworks/PDFKit.framework/Versions/A/PDFKit
0x0000000002291000 	/System/Library/Frameworks/Quartz.framework/Versions/A/Frameworks/QuartzFilters.framework/Versions/A/QuartzFilters
0x0000000002291000 	/System/Library/Frameworks/Quartz.framework/Versions/A/Frameworks/ImageKit.framework/Versions/A/ImageKit
0x0000000002291000 	/System/Library/Frameworks/Quartz.framework/Versions/A/Frameworks/QuickLookUI.framework/Versions/A/QuickLookUI
0x0000000002291000 	/System/Library/Frameworks/JavaScriptCore.framework/Versions/A/JavaScriptCore
0x0000000002291000 	/System/Library/PrivateFrameworks/AppleSystemInfo.framework/Versions/A/AppleSystemInfo
0x0000000002291000 	/System/Library/PrivateFrameworks/CorePDF.framework/Versions/A/CorePDF
0x0000000002291000 	/System/Library/Frameworks/QuickLook.framework/Versions/A/QuickLook
0x0000000002291000 	/System/Library/PrivateFrameworks/DisplayServices.framework/Versions/A/DisplayServices
0x0000000002291000 	/System/Library/PrivateFrameworks/SafariServices.framework/Versions/A/SafariServices
0x0000000133ea0000 	/usr/lib/libexpat.1.dylib
0x0000000136107000 	/System/Library/Extensions/AppleHDA.kext/Contents/PlugIns/AppleHDAHALPlugIn.bundle/Contents/MacOS/AppleHDAHALPlugIn
0x00000001372a9000 	/Library/CoreMediaIO/Plug-Ins/DAL/AppleCamera.plugin/Contents/MacOS/AppleCamera
0x00000001372d4000 	/System/Library/Frameworks/CoreMediaIO.framework/Resources/VDC.plugin/Contents/MacOS/VDC
0x00000001388a4000 	/System/Library/Extensions/AppleIntelHD5000GraphicsMTLDriver.bundle/Contents/MacOS/AppleIntelHD5000GraphicsMTLDriver
0x0000000002291000 	/System/Library/CoreServices/RawCamera.bundle/Contents/MacOS/RawCamera
0x000000021599d000 	/System/Library/Components/CoreAudio.component/Contents/MacOS/CoreAudio

VM Arguments:
jvm_args: -Djxbrowser.chromium.dir=native/bin/mac -Xmx2048m -Xms256m -Didea.launcher.port=7533 -Didea.launcher.bin.path=/Applications/IntelliJ IDEA 14.app/Contents/bin -Dfile.encoding=UTF-8 
java_command: com.intellij.rt.execution.application.AppMain com.teamdev.jxbrowser.chromium.demo.JxBrowserDemo
java_class_path (initial): /Library/Java/JavaVirtualMachines/jdk1.8.0_45.jdk/Contents/Home/lib/ant-javafx.jar:/Library/Java/JavaVirtualMachines/jdk1.8.0_45.jdk/Contents/Home/lib/dt.jar:/Library/Java/JavaVirtualMachines/jdk1.8.0_45.jdk/Contents/Home/lib/javafx-mx.jar:/Library/Java/JavaVirtualMachines/jdk1.8.0_45.jdk/Contents/Home/lib/jconsole.jar:/Library/Java/JavaVirtualMachines/jdk1.8.0_45.jdk/Contents/Home/lib/packager.jar:/Library/Java/JavaVirtualMachines/jdk1.8.0_45.jdk/Contents/Home/lib/sa-jdi.jar:/Library/Java/JavaVirtualMachines/jdk1.8.0_45.jdk/Contents/Home/lib/tools.jar:/Library/Java/JavaVirtualMachines/jdk1.8.0_45.jdk/Contents/Home/jre/lib/charsets.jar:/Library/Java/JavaVirtualMachines/jdk1.8.0_45.jdk/Contents/Home/jre/lib/deploy.jar:/Library/Java/JavaVirtualMachines/jdk1.8.0_45.jdk/Contents/Home/jre/lib/javaws.jar:/Library/Java/JavaVirtualMachines/jdk1.8.0_45.jdk/Contents/Home/jre/lib/jce.jar:/Library/Java/JavaVirtualMachines/jdk1.8.0_45.jdk/Contents/Home/jre/lib/jfr.jar:/Library/Java/JavaVirtualMachines/jdk1.8.0_45.jdk/Contents/Home/jre/lib/jfxswt.jar:/Library/Java/JavaVirtualMachines/jdk1.8.0_45.jdk/Contents/Home/jre/lib/jsse.jar:/Library/Java/JavaVirtualMachines/jdk1.8.0_45.jdk/Contents/Home/jre/lib/management-agent.jar:/Library/Java/JavaVirtualMachines/jdk1.8.0_45.jdk/Contents/Home/jre/lib/plugin.jar:/Library/Java/JavaVirtualMachines/jdk1.8.0_45.jdk/Contents/Home/jre/lib/resources.jar:/Library/Java/JavaVirtualMachines/jdk1.8.0_45.jdk/Contents/Home/jre/lib/rt.jar:/Library/Java/JavaVirtualMachines/jdk1.8.0_45.jdk/Contents/Home/jre/lib/ext/cldrdata.jar:/Library/Java/JavaVirtualMachines/jdk1.8.0_45.jdk/Contents/Home/jre/lib/ext/dnsns.jar:/Library/Java/JavaVirtualMachines/jdk1.8.0_45.jdk/Contents/Home/jre/lib/ext/jfxrt.jar:/Library/Java/JavaVirtualMachines/jdk1.8.0_45.jdk/Contents/Home/jre/lib/ext/localedata.jar:/Library/Java/JavaVirtualMachines/jdk1.8.0_45.jdk/Contents/Home/jre/lib/ext/nashorn.jar:/Library/Java/JavaVirtualMachines/jdk1.8.0_45.jdk/Conten
Launcher Type: SUN_STANDARD

Environment Variables:
JAVA_HOME=/Library/Java/JavaVirtualMachines/jdk1.7.0_21.jdk/Contents/Home
PATH=/usr/local/cuda/bin:/Users/eugenegoncharov/anaconda2/bin:/Users/eugenegoncharov/google-cloud-sdk/bin:/usr/local/sbin:/Users/eugenegoncharov/npm/bin:/usr/local/bin:/usr/bin:/bin:/usr/sbin:/sbin:/usr/local/bin:/usr/lib/node/bin:/usr/local/bin:/usr/local/mysql/bin:/Users/eugenegoncharov/_tools/apache-maven-3.1.0/bin:/Users/eugenegoncharov/_tools/apache-ant-1.9.4/bin:/Users/eugenegoncharov/_tools/depot_tools
SHELL=/bin/bash
DISPLAY=/private/tmp/com.apple.launchd.IovMYLDP8x/org.macosforge.xquartz:0

Signal Handlers:
SIGSEGV: [libjvm.dylib+0x58ef95], sa_mask[0]=11111111011111110111111111111111, sa_flags=SA_ONSTACK|SA_RESTART|SA_SIGINFO
SIGBUS: [libjvm.dylib+0x58ef95], sa_mask[0]=11111111011111110111111111111111, sa_flags=SA_RESTART|SA_SIGINFO
SIGFPE: [libjxbrowser-common64-a3c8433b-c2b3-4eee-ae2f-adc7c31cf24a.dylib+0x3382], sa_mask[0]=00000000000000000000000000000000, sa_flags=SA_RESTART|SA_SIGINFO
SIGPIPE: [libjvm.dylib+0x46c108], sa_mask[0]=11111111011111110111111111111111, sa_flags=SA_RESTART|SA_SIGINFO
SIGXFSZ: [libjvm.dylib+0x46c108], sa_mask[0]=11111111011111110111111111111111, sa_flags=SA_RESTART|SA_SIGINFO
SIGILL: [libjvm.dylib+0x46c108], sa_mask[0]=11111111011111110111111111111111, sa_flags=SA_RESTART|SA_SIGINFO
SIGUSR1: SIG_DFL, sa_mask[0]=00000000000000000000000000000000, sa_flags=none
SIGUSR2: [libjvm.dylib+0x46bc26], sa_mask[0]=00100000000000000000000000000000, sa_flags=SA_RESTART|SA_SIGINFO
SIGHUP: [libjvm.dylib+0x46a1f9], sa_mask[0]=11111111011111110111111111111111, sa_flags=SA_RESTART|SA_SIGINFO
SIGINT: [libjvm.dylib+0x46a1f9], sa_mask[0]=11111111011111110111111111111111, sa_flags=SA_RESTART|SA_SIGINFO
SIGTERM: [libjvm.dylib+0x46a1f9], sa_mask[0]=11111111011111110111111111111111, sa_flags=SA_RESTART|SA_SIGINFO
SIGQUIT: [libjvm.dylib+0x46a1f9], sa_mask[0]=11111111011111110111111111111111, sa_flags=SA_RESTART|SA_SIGINFO


---------------  S Y S T E M  ---------------

OS:Bsduname:Darwin 15.5.0 Darwin Kernel Version 15.5.0: Tue Apr 19 18:36:36 PDT 2016; root:xnu-3248.50.21~8/RELEASE_X86_64 x86_64
rlimit: STACK 8192k, CORE 0k, NPROC 709, NOFILE 1024, AS infinity
load average:3.54 3.45 3.07

CPU:total 8 (4 cores per cpu, 2 threads per core) family 6 model 70 stepping 1, cmov, cx8, fxsr, mmx, sse, sse2, sse3, ssse3, sse4.1, sse4.2, popcnt, avx, avx2, aes, clmul, erms, lzcnt, ht, tsc, tscinvbit, bmi1, bmi2

Memory: 4k page, physical 8388608k(275452k free)

/proc/meminfo:


vm_info: Java HotSpot(TM) 64-Bit Server VM (25.45-b02) for bsd-amd64 JRE (1.8.0_45-b14), built on Apr 10 2015 10:46:38 by "java_re" with gcc 4.2.1 (Based on Apple Inc. build 5658) (LLVM build 2336.11.00)

time: Wed Jul 27 18:35:04 2016
elapsed time: 905 seconds (0d 0h 15m 5s)

#
# If you would like to submit a bug report, please visit:
#   http://bugreport.java.com/bugreport/crash.jsp
# The crash happened outside the Java Virtual Machine in native code.
# See problematic frame for where to report the bug.
#

Process finished with exit code 134
